C:\Program Files (x86)\Microsoft Visual Studio\2019\Enterprise\MSBuild\Microsoft\VC\v160\Microsoft.CppBuild.targets(491,5): warning MSB8028: 中间目录(x64\Debug\)包含从另一个项目(WaterTestWithTextureAndLight.vcxproj)共享的文件。   这会导致错误的清除和重新生成行为。
  main.cpp
C:\Users\HASEE\source\repos\CGProject\old_ver\demo\Water.h(23,21): warning C4018: “<=”: 有符号/无符号不匹配
C:\Users\HASEE\source\repos\CGProject\old_ver\demo\Water.h(24,22): warning C4018: “<=”: 有符号/无符号不匹配
C:\Users\HASEE\source\repos\CGProject\old_ver\demo\Water.h(30,21): warning C4018: “<”: 有符号/无符号不匹配
C:\Users\HASEE\source\repos\CGProject\old_ver\demo\Water.h(31,22): warning C4018: “<”: 有符号/无符号不匹配
C:\Users\HASEE\source\repos\CGProject\old_ver\demo\Water.h(40,21): warning C4018: “<”: 有符号/无符号不匹配
C:\Users\HASEE\source\repos\CGProject\old_ver\demo\Water.h(41,22): warning C4018: “<”: 有符号/无符号不匹配
C:\Users\HASEE\source\repos\CGProject\old_ver\demo\Light.h(70,1): warning C4305: “=”: 从“double”到“float”截断
C:\Users\HASEE\source\repos\CGProject\old_ver\demo\Sence.h(126,11): warning C4244: “初始化”: 从“double”转换到“float”，可能丢失数据
C:\Users\HASEE\source\repos\CGProject\old_ver\demo\Sence.h(126,74): warning C4244: “=”: 从“double”转换到“float”，可能丢失数据
C:\Users\HASEE\source\repos\CGProject\old_ver\demo\Sence.h(127,11): warning C4244: “初始化”: 从“double”转换到“float”，可能丢失数据
C:\Users\HASEE\source\repos\CGProject\old_ver\demo\Sence.h(127,74): warning C4244: “=”: 从“double”转换到“float”，可能丢失数据
C:\Users\HASEE\source\repos\CGProject\old_ver\demo\Sence.h(128,11): warning C4244: “初始化”: 从“double”转换到“float”，可能丢失数据
C:\Users\HASEE\source\repos\CGProject\old_ver\demo\Sence.h(128,74): warning C4244: “=”: 从“double”转换到“float”，可能丢失数据
C:\Users\HASEE\source\repos\CGProject\old_ver\demo\Sence.h(129,11): warning C4244: “初始化”: 从“double”转换到“float”，可能丢失数据
C:\Users\HASEE\source\repos\CGProject\old_ver\demo\Sence.h(129,74): warning C4244: “=”: 从“double”转换到“float”，可能丢失数据
C:\Users\HASEE\source\repos\CGProject\old_ver\demo\Sence.h(157,16): warning C4305: “初始化”: 从“double”到“float”截断
C:\Users\HASEE\source\repos\CGProject\old_ver\demo\Interaction.h(16,17): warning C4244: “初始化”: 从“double”转换到“float”，可能丢失数据
C:\Users\HASEE\source\repos\CGProject\old_ver\demo\Interaction.h(17,17): warning C4244: “初始化”: 从“double”转换到“float”，可能丢失数据
C:\Users\HASEE\source\repos\CGProject\old_ver\demo\Interaction.h(35,17): warning C4244: “初始化”: 从“double”转换到“float”，可能丢失数据
C:\Users\HASEE\source\repos\CGProject\old_ver\demo\Interaction.h(36,17): warning C4244: “初始化”: 从“double”转换到“float”，可能丢失数据
C:\Users\HASEE\source\repos\CGProject\old_ver\demo\Interaction.h(71,28): warning C4244: “参数”: 从“double”转换到“float”，可能丢失数据
C:\Users\HASEE\source\repos\CGProject\old_ver\demo\main.cpp(58,29): warning C4244: “=”: 从“double”转换到“float”，可能丢失数据
C:\Users\HASEE\source\repos\CGProject\old_ver\demo\main.cpp(121,70): warning C4244: “参数”: 从“double”转换到“float”，可能丢失数据
C:\Users\HASEE\source\repos\CGProject\old_ver\demo\main.cpp(334,104): warning C4244: “参数”: 从“double”转换到“float”，可能丢失数据
  demo.vcxproj -> C:\Users\HASEE\source\repos\CGProject\old_ver\x64\Debug\demo.exe
