d:\重要文件\大学\大三上\cg\project\cg-project\cg-project\x64\debug\vc142.pdb
d:\重要文件\大学\大三上\cg\project\cg-project\cg-project\x64\debug\vc142.idb
d:\重要文件\大学\大三上\cg\project\cg-project\cg-project\x64\debug\glad.obj
d:\重要文件\大学\大三上\cg\project\cg-project\cg-project\x64\debug\viewgroup.obj
d:\重要文件\大学\大三上\cg\project\cg-project\cg-project\x64\debug\module.obj
d:\重要文件\大学\大三上\cg\project\cg-project\cg-project\x64\debug\main.obj
d:\重要文件\大学\大三上\cg\project\cg-project\cg-project\x64\debug\base.obj
d:\重要文件\大学\大三上\cg\project\cg-project\cg-project\x64\debug\viewworld.obj
d:\重要文件\大学\大三上\cg\project\cg-project\cg-project\x64\debug\viewobject.obj
d:\重要文件\大学\大三上\cg\project\cg-project\cg-project\x64\debug\viewmodule.obj
d:\重要文件\大学\大三上\cg\project\cg-project\cg-project\x64\debug\viewbase.obj
d:\重要文件\大学\大三上\cg\project\cg-project\x64\debug\cg-project.exe
d:\重要文件\大学\大三上\cg\project\cg-project\x64\debug\cg-project.ilk
d:\重要文件\大学\大三上\cg\project\cg-project\x64\debug\cg-project.pdb
d:\重要文件\大学\大三上\cg\project\cg-project\cg-project\x64\debug\cg-project.tlog\cl.command.1.tlog
d:\重要文件\大学\大三上\cg\project\cg-project\cg-project\x64\debug\cg-project.tlog\cl.read.1.tlog
d:\重要文件\大学\大三上\cg\project\cg-project\cg-project\x64\debug\cg-project.tlog\cl.write.1.tlog
d:\重要文件\大学\大三上\cg\project\cg-project\cg-project\x64\debug\cg-project.tlog\link.command.1.tlog
d:\重要文件\大学\大三上\cg\project\cg-project\cg-project\x64\debug\cg-project.tlog\link.read.1.tlog
d:\重要文件\大学\大三上\cg\project\cg-project\cg-project\x64\debug\cg-project.tlog\link.write.1.tlog
