c:\users\hasee\source\repos\cgproject\cg-project\x64\release\cg-project.ipdb
c:\users\hasee\source\repos\cgproject\cg-project\x64\release\cg-project.iobj
c:\users\hasee\source\repos\cgproject\cg-project\cg-project\x64\release\vc142.pdb
c:\users\hasee\source\repos\cgproject\cg-project\cg-project\x64\release\glad.obj
c:\users\hasee\source\repos\cgproject\cg-project\cg-project\x64\release\viewbase.obj
c:\users\hasee\source\repos\cgproject\cg-project\cg-project\x64\release\interaction.obj
c:\users\hasee\source\repos\cgproject\cg-project\cg-project\x64\release\viewworld.obj
c:\users\hasee\source\repos\cgproject\cg-project\cg-project\x64\release\viewgroup.obj
c:\users\hasee\source\repos\cgproject\cg-project\cg-project\x64\release\viewobject.obj
c:\users\hasee\source\repos\cgproject\cg-project\cg-project\x64\release\main.obj
c:\users\hasee\source\repos\cgproject\cg-project\cg-project\x64\release\viewtexture.obj
c:\users\hasee\source\repos\cgproject\cg-project\cg-project\x64\release\viewmodule.obj
c:\users\hasee\source\repos\cgproject\cg-project\cg-project\x64\release\viewdata.obj
c:\users\hasee\source\repos\cgproject\cg-project\cg-project\x64\release\shaderobject.obj
c:\users\hasee\source\repos\cgproject\cg-project\cg-project\x64\release\gameobject.obj
c:\users\hasee\source\repos\cgproject\cg-project\cg-project\x64\release\viewframe.obj
c:\users\hasee\source\repos\cgproject\cg-project\x64\release\cg-project.exe
c:\users\hasee\source\repos\cgproject\cg-project\x64\release\cg-project.pdb
c:\users\hasee\source\repos\cgproject\cg-project\cg-project\x64\release\cg-project.tlog\cg-project.write.1u.tlog
c:\users\hasee\source\repos\cgproject\cg-project\cg-project\x64\release\cg-project.tlog\cl.command.1.tlog
c:\users\hasee\source\repos\cgproject\cg-project\cg-project\x64\release\cg-project.tlog\cl.read.1.tlog
c:\users\hasee\source\repos\cgproject\cg-project\cg-project\x64\release\cg-project.tlog\cl.write.1.tlog
c:\users\hasee\source\repos\cgproject\cg-project\cg-project\x64\release\cg-project.tlog\link.command.1.tlog
c:\users\hasee\source\repos\cgproject\cg-project\cg-project\x64\release\cg-project.tlog\link.read.1.tlog
c:\users\hasee\source\repos\cgproject\cg-project\cg-project\x64\release\cg-project.tlog\link.write.1.tlog
